15:09:28.649 [main] INFO  api.test.UserTests - ************ Creating User ************
15:09:32.971 [main] INFO  api.test.UserTests - ************ User is created ************
15:09:33.015 [main] INFO  api.test.UserTests - ************ Reading User Info ************
15:09:33.576 [main] INFO  api.test.UserTests - ************ User Info is diplayed ************
15:09:33.584 [main] INFO  api.test.UserTests - ************ Updating User ************
15:09:34.527 [main] INFO  api.test.UserTests - ************ User Is Updated ************
15:09:34.546 [main] INFO  api.test.UserTests - ************ Deleting User ************
15:09:35.031 [main] INFO  api.test.UserTests - ************ User Deleted ************
15:49:24.278 [main] INFO  api.test.UserTests2 - ************ Creating User ************
15:49:28.371 [main] INFO  api.test.UserTests2 - ************ User is created ************
15:49:28.425 [main] INFO  api.test.UserTests2 - ************ Reading User Info ************
15:49:28.976 [main] INFO  api.test.UserTests2 - ************ User Info is diplayed ************
15:49:28.992 [main] INFO  api.test.UserTests2 - ************ Updating User ************
15:49:29.922 [main] INFO  api.test.UserTests2 - ************ User Is Updated ************
15:49:29.936 [main] INFO  api.test.UserTests2 - ************ Deleting User ************
15:49:30.405 [main] INFO  api.test.UserTests2 - ************ User Deleted ************
16:01:45.495 [main] INFO  api.test.UserTests - ************ Creating User ************
16:01:46.032 [main] INFO  api.test.UserTests - ************ User is created ************
16:01:46.040 [main] INFO  api.test.UserTests - ************ Reading User Info ************
16:01:46.558 [main] INFO  api.test.UserTests - ************ User Info is diplayed ************
16:01:46.560 [main] INFO  api.test.UserTests - ************ Updating User ************
16:01:47.560 [main] INFO  api.test.UserTests - ************ User Is Updated ************
16:01:47.561 [main] INFO  api.test.UserTests - ************ Deleting User ************
16:01:48.084 [main] INFO  api.test.UserTests - ************ User Deleted ************
16:08:42.633 [main] INFO  api.test.UserTests - ************ Creating User ************
16:08:43.119 [main] INFO  api.test.UserTests - ************ User is created ************
16:08:43.120 [main] INFO  api.test.UserTests - ************ Reading User Info ************
16:08:43.623 [main] INFO  api.test.UserTests - ************ User Info is diplayed ************
16:08:43.626 [main] INFO  api.test.UserTests - ************ Updating User ************
16:08:44.544 [main] INFO  api.test.UserTests - ************ User Is Updated ************
16:08:44.545 [main] INFO  api.test.UserTests - ************ Deleting User ************
16:08:45.049 [main] INFO  api.test.UserTests - ************ User Deleted ************
16:10:46.091 [main] INFO  api.test.UserTests2 - ************ Creating User ************
16:10:50.479 [main] INFO  api.test.UserTests2 - ************ User is created ************
16:10:50.539 [main] INFO  api.test.UserTests2 - ************ Reading User Info ************
16:10:51.207 [main] INFO  api.test.UserTests2 - ************ User Info is diplayed ************
16:10:51.209 [main] INFO  api.test.UserTests2 - ************ Updating User ************
16:10:52.272 [main] INFO  api.test.UserTests2 - ************ User Is Updated ************
16:10:52.277 [main] INFO  api.test.UserTests2 - ************ Deleting User ************
16:10:52.776 [main] INFO  api.test.UserTests2 - ************ User Deleted ************
08:05:42.821 [main] INFO  api.test.UserTests2 - ************ Creating User ************
08:05:47.253 [main] INFO  api.test.UserTests2 - ************ User is created ************
08:05:47.274 [main] INFO  api.test.UserTests2 - ************ Reading User Info ************
08:05:47.770 [main] INFO  api.test.UserTests2 - ************ User Info is diplayed ************
08:05:47.771 [main] INFO  api.test.UserTests2 - ************ Updating User ************
08:05:48.703 [main] INFO  api.test.UserTests2 - ************ User Is Updated ************
08:05:48.707 [main] INFO  api.test.UserTests2 - ************ Deleting User ************
08:05:49.189 [main] INFO  api.test.UserTests2 - ************ User Deleted ************
08:07:45.702 [main] INFO  api.test.UserTests2 - ************ Creating User ************
08:07:50.591 [main] INFO  api.test.UserTests2 - ************ User is created ************
08:07:50.624 [main] INFO  api.test.UserTests2 - ************ Reading User Info ************
08:07:51.182 [main] INFO  api.test.UserTests2 - ************ User Info is diplayed ************
08:07:51.185 [main] INFO  api.test.UserTests2 - ************ Updating User ************
08:07:52.164 [main] INFO  api.test.UserTests2 - ************ User Is Updated ************
08:07:52.172 [main] INFO  api.test.UserTests2 - ************ Deleting User ************
08:07:52.626 [main] INFO  api.test.UserTests2 - ************ User Deleted ************
08:11:24.639 [main] INFO  api.test.UserTests2 - ************ Creating User ************
08:11:30.208 [main] INFO  api.test.UserTests2 - ************ User is created ************
08:11:30.243 [main] INFO  api.test.UserTests2 - ************ Reading User Info ************
08:11:30.759 [main] INFO  api.test.UserTests2 - ************ User Info is diplayed ************
08:11:30.761 [main] INFO  api.test.UserTests2 - ************ Updating User ************
08:11:31.784 [main] INFO  api.test.UserTests2 - ************ User Is Updated ************
08:11:31.788 [main] INFO  api.test.UserTests2 - ************ Deleting User ************
08:11:32.266 [main] INFO  api.test.UserTests2 - ************ User Deleted ************
